<?xml version="1.0" encoding="UTF-8" ?>
<testsuite failures="0" time="0.172" errors="0" skipped="0" tests="2" name="pe.edu.unsaac.in.qillqana.server.impl.ServerTest">
  <properties>
    <property name="java.runtime.name" value="OpenJDK Runtime Environment"/>
    <property name="sun.boot.library.path" value="/usr/lib/jvm/java-1.7.0-openjdk-1.7.0.60-2.4.3.0.fc20.i386/jre/lib/i386"/>
    <property name="java.vm.version" value="24.45-b08"/>
    <property name="java.vm.vendor" value="Oracle Corporation"/>
    <property name="java.vendor.url" value="http://java.oracle.com/"/>
    <property name="path.separator" value=":"/>
    <property name="guice.disable.misplaced.annotation.check" value="true"/>
    <property name="java.vm.name" value="OpenJDK Server VM"/>
    <property name="file.encoding.pkg" value="sun.io"/>
    <property name="user.country" value="PE"/>
    <property name="sun.java.launcher" value="SUN_STANDARD"/>
    <property name="sun.os.patch.level" value="unknown"/>
    <property name="test" value="pe.edu.unsaac.in.qillqana.server.impl.ServerTest"/>
    <property name="java.vm.specification.name" value="Java Virtual Machine Specification"/>
    <property name="user.dir" value="/home/alexove/Documentos/Tesis/03-Desarollo/SRC/Qillqana/Qillqana-server"/>
    <property name="java.runtime.version" value="1.7.0_45-mockbuild_2013_10_17_16_48-b00"/>
    <property name="java.awt.graphicsenv" value="sun.awt.X11GraphicsEnvironment"/>
    <property name="java.endorsed.dirs" value="/usr/lib/jvm/java-1.7.0-openjdk-1.7.0.60-2.4.3.0.fc20.i386/jre/lib/endorsed"/>
    <property name="os.arch" value="i386"/>
    <property name="java.io.tmpdir" value="/tmp"/>
    <property name="line.separator" value="
"/>
    <property name="java.vm.specification.vendor" value="Oracle Corporation"/>
    <property name="os.name" value="Linux"/>
    <property name="maven.ext.class.path" value="/home/tools/ide/netbeans-7.4/java/maven-nblib/netbeans-cos.jar:/home/tools/ide/netbeans-7.4/java/maven-nblib/netbeans-eventspy.jar"/>
    <property name="classworlds.conf" value="/home/tools/ide/netbeans-7.4/java/maven/bin/m2.conf"/>
    <property name="netbeansProjectMappings" value="pe.edu.unsaac.in:Qillqana-common:0.0.1-SNAPSHOT=/home/alexove/Documentos/Tesis/03-Desarollo/SRC/Qillqana/Qillqana-common"/>
    <property name="sun.jnu.encoding" value="UTF-8"/>
    <property name="java.library.path" value="/usr/lib/jvm/java/jre/lib/amd64:/usr/lib/jvm/java/jre/lib/i386::/usr/java/packages/lib/i386:/lib:/usr/lib"/>
    <property name="java.specification.name" value="Java Platform API Specification"/>
    <property name="java.class.version" value="51.0"/>
    <property name="sun.management.compiler" value="HotSpot Tiered Compilers"/>
    <property name="os.version" value="3.11.6-302.fc20.i686"/>
    <property name="user.home" value="/home/alexove"/>
    <property name="user.timezone" value="America/Lima"/>
    <property name="java.awt.printerjob" value="sun.print.PSPrinterJob"/>
    <property name="java.specification.version" value="1.7"/>
    <property name="file.encoding" value="UTF-8"/>
    <property name="user.name" value="alexove"/>
    <property name="java.class.path" value="/home/tools/ide/netbeans-7.4/java/maven/boot/plexus-classworlds-2.4.jar"/>
    <property name="java.vm.specification.version" value="1.7"/>
    <property name="sun.arch.data.model" value="32"/>
    <property name="java.home" value="/usr/lib/jvm/java-1.7.0-openjdk-1.7.0.60-2.4.3.0.fc20.i386/jre"/>
    <property name="sun.java.command" value="org.codehaus.plexus.classworlds.launcher.Launcher -Dtest=pe.edu.unsaac.in.qillqana.server.impl.ServerTest -Dmaven.ext.class.path=/home/tools/ide/netbeans-7.4/java/maven-nblib/netbeans-cos.jar:/home/tools/ide/netbeans-7.4/java/maven-nblib/netbeans-eventspy.jar -DnetbeansProjectMappings=pe.edu.unsaac.in:Qillqana-common:0.0.1-SNAPSHOT=/home/alexove/Documentos/Tesis/03-Desarollo/SRC/Qillqana/Qillqana-common surefire:test"/>
    <property name="java.specification.vendor" value="Oracle Corporation"/>
    <property name="user.language" value="es"/>
    <property name="awt.toolkit" value="sun.awt.X11.XToolkit"/>
    <property name="java.vm.info" value="mixed mode"/>
    <property name="java.version" value="1.7.0_45"/>
    <property name="java.ext.dirs" value="/usr/lib/jvm/java-1.7.0-openjdk-1.7.0.60-2.4.3.0.fc20.i386/jre/lib/ext:/usr/java/packages/lib/ext"/>
    <property name="securerandom.source" value="file:/dev/./urandom"/>
    <property name="sun.boot.class.path" value="/usr/lib/jvm/java-1.7.0-openjdk-1.7.0.60-2.4.3.0.fc20.i386/jre/lib/resources.jar:/usr/lib/jvm/java-1.7.0-openjdk-1.7.0.60-2.4.3.0.fc20.i386/jre/lib/rt.jar:/usr/lib/jvm/java-1.7.0-openjdk-1.7.0.60-2.4.3.0.fc20.i386/jre/lib/sunrsasign.jar:/usr/lib/jvm/java-1.7.0-openjdk-1.7.0.60-2.4.3.0.fc20.i386/jre/lib/jsse.jar:/usr/lib/jvm/java-1.7.0-openjdk-1.7.0.60-2.4.3.0.fc20.i386/jre/lib/jce.jar:/usr/lib/jvm/java-1.7.0-openjdk-1.7.0.60-2.4.3.0.fc20.i386/jre/lib/charsets.jar:/usr/lib/jvm/java-1.7.0-openjdk-1.7.0.60-2.4.3.0.fc20.i386/jre/lib/netx.jar:/usr/lib/jvm/java-1.7.0-openjdk-1.7.0.60-2.4.3.0.fc20.i386/jre/lib/plugin.jar:/usr/lib/jvm/java-1.7.0-openjdk-1.7.0.60-2.4.3.0.fc20.i386/jre/lib/rhino.jar:/usr/lib/jvm/java-1.7.0-openjdk-1.7.0.60-2.4.3.0.fc20.i386/jre/lib/jfr.jar:/usr/lib/jvm/java-1.7.0-openjdk-1.7.0.60-2.4.3.0.fc20.i386/jre/classes"/>
    <property name="java.vendor" value="Oracle Corporation"/>
    <property name="maven.home" value="/home/tools/ide/netbeans-7.4/java/maven"/>
    <property name="file.separator" value="/"/>
    <property name="java.vendor.url.bug" value="http://bugreport.sun.com/bugreport/"/>
    <property name="sun.cpu.endian" value="little"/>
    <property name="sun.io.unicode.encoding" value="UnicodeLittle"/>
    <property name="sun.desktop" value="gnome"/>
    <property name="sun.cpu.isalist" value=""/>
  </properties>
  <testcase time="0.149" classname="pe.edu.unsaac.in.qillqana.server.impl.ServerTest" name="testInitServer"/>
  <testcase time="0" classname="pe.edu.unsaac.in.qillqana.server.impl.ServerTest" name="testRun"/>
</testsuite>